0 info it worked if it ends with ok
1 verbose cli [ 'C:\\Program Files\\nodejs\\\\node.exe',
1 verbose cli   'C:\\Program Files\\nodejs\\node_modules\\npm\\bin\\npm-cli.js',
1 verbose cli   'install',
1 verbose cli   'readable-stream/transform' ]
2 info using npm@2.11.3
3 info using node@v0.12.7
4 verbose install initial load of C:\xampp\htdocs\auro\package.json
5 warn package.json angularframeworkfrontend@0.0.1 No README data
6 verbose installManyTop reading scoped package data from C:\xampp\htdocs\auro\node_modules\ansi-styles\package.json
7 verbose installManyTop reading scoped package data from C:\xampp\htdocs\auro\node_modules\beeper\package.json
8 verbose installManyTop reading scoped package data from C:\xampp\htdocs\auro\node_modules\chalk\package.json
9 verbose installManyTop reading scoped package data from C:\xampp\htdocs\auro\node_modules\clone\package.json
10 verbose installManyTop reading scoped package data from C:\xampp\htdocs\auro\node_modules\clone-stats\package.json
11 verbose installManyTop reading scoped package data from C:\xampp\htdocs\auro\node_modules\dateformat\package.json
12 verbose installManyTop reading scoped package data from C:\xampp\htdocs\auro\node_modules\escape-string-regexp\package.json
13 verbose installManyTop reading scoped package data from C:\xampp\htdocs\auro\node_modules\gulp\package.json
14 verbose installManyTop reading scoped package data from C:\xampp\htdocs\auro\node_modules\gulp-angular-templatecache\package.json
15 verbose installManyTop reading scoped package data from C:\xampp\htdocs\auro\node_modules\gulp-clean\package.json
16 verbose installManyTop reading scoped package data from C:\xampp\htdocs\auro\node_modules\gulp-concat\package.json
17 verbose installManyTop reading scoped package data from C:\xampp\htdocs\auro\node_modules\gulp-connect\package.json
18 verbose installManyTop reading scoped package data from C:\xampp\htdocs\auro\node_modules\gulp-copy\package.json
19 verbose installManyTop reading scoped package data from C:\xampp\htdocs\auro\node_modules\gulp-gzip\package.json
20 verbose installManyTop reading scoped package data from C:\xampp\htdocs\auro\node_modules\gulp-inline\package.json
21 verbose installManyTop reading scoped package data from C:\xampp\htdocs\auro\node_modules\gulp-log\package.json
22 verbose installManyTop reading scoped package data from C:\xampp\htdocs\auro\node_modules\gulp-minify-css\package.json
23 verbose installManyTop reading scoped package data from C:\xampp\htdocs\auro\node_modules\gulp-minify-html\package.json
24 verbose installManyTop reading scoped package data from C:\xampp\htdocs\auro\node_modules\gulp-open\package.json
25 verbose installManyTop reading scoped package data from C:\xampp\htdocs\auro\node_modules\gulp-rename\package.json
26 verbose installManyTop reading scoped package data from C:\xampp\htdocs\auro\node_modules\gulp-sass\package.json
27 verbose installManyTop reading scoped package data from C:\xampp\htdocs\auro\node_modules\gulp-sequence\package.json
28 verbose installManyTop reading scoped package data from C:\xampp\htdocs\auro\node_modules\gulp-sourcemaps\package.json
29 verbose installManyTop reading scoped package data from C:\xampp\htdocs\auro\node_modules\gulp-tar\package.json
30 verbose installManyTop reading scoped package data from C:\xampp\htdocs\auro\node_modules\gulp-uglify\package.json
31 verbose installManyTop reading scoped package data from C:\xampp\htdocs\auro\node_modules\gulp-util\package.json
32 verbose installManyTop reading scoped package data from C:\xampp\htdocs\auro\node_modules\gulp-wait\package.json
33 verbose installManyTop reading scoped package data from C:\xampp\htdocs\auro\node_modules\gulp-watch\package.json
34 verbose installManyTop reading scoped package data from C:\xampp\htdocs\auro\node_modules\gulp-zip\package.json
35 verbose installManyTop reading scoped package data from C:\xampp\htdocs\auro\node_modules\has-ansi\package.json
36 verbose installManyTop reading scoped package data from C:\xampp\htdocs\auro\node_modules\has-flag\package.json
37 verbose installManyTop reading scoped package data from C:\xampp\htdocs\auro\node_modules\has-gulplog\package.json
38 verbose installManyTop reading scoped package data from C:\xampp\htdocs\auro\node_modules\lodash._reescape\package.json
39 verbose installManyTop reading scoped package data from C:\xampp\htdocs\auro\node_modules\lodash._reevaluate\package.json
40 verbose installManyTop reading scoped package data from C:\xampp\htdocs\auro\node_modules\lodash._reinterpolate\package.json
41 verbose installManyTop reading scoped package data from C:\xampp\htdocs\auro\node_modules\lodash.template\package.json
42 verbose installManyTop reading scoped package data from C:\xampp\htdocs\auro\node_modules\minimist\package.json
43 verbose installManyTop reading scoped package data from C:\xampp\htdocs\auro\node_modules\npm-debug.log\package.json
44 verbose installManyTop reading scoped package data from C:\xampp\htdocs\auro\node_modules\replace-ext\package.json
45 verbose installManyTop reading scoped package data from C:\xampp\htdocs\auro\node_modules\run-sequence\package.json
46 verbose installManyTop reading scoped package data from C:\xampp\htdocs\auro\node_modules\sparkles\package.json
47 verbose installManyTop reading scoped package data from C:\xampp\htdocs\auro\node_modules\strip-ansi\package.json
48 verbose installManyTop reading scoped package data from C:\xampp\htdocs\auro\node_modules\supports-color\package.json
49 verbose installManyTop reading scoped package data from C:\xampp\htdocs\auro\node_modules\through2\package.json
50 verbose installManyTop reading scoped package data from C:\xampp\htdocs\auro\node_modules\vinyl\package.json
51 info package.json dateformat@1.0.11 No license field.
52 info package.json gulp-clean@0.3.1 No license field.
53 info package.json gulp-concat@2.5.2 No license field.
54 info package.json gulp-copy@0.0.2 No license field.
55 info package.json gulp-gzip@1.2.0 No license field.
56 info package.json gulp-minify-css@0.3.13 No license field.
57 info package.json gulp-rename@1.2.2 No license field.
58 info package.json gulp-util@2.2.20 No license field.
59 info package.json replace-ext@0.0.1 No license field.
60 info package.json gulp-sequence@0.4.1 No license field.
61 verbose readDependencies loading dependencies from C:\xampp\htdocs\auro\package.json
62 silly cache add args [ 'readable-stream/transform', null ]
63 verbose cache add spec readable-stream/transform
64 silly cache add parsed spec { raw: 'readable-stream/transform',
64 silly cache add   scope: null,
64 silly cache add   name: null,
64 silly cache add   rawSpec: 'readable-stream/transform',
64 silly cache add   spec: 'github:readable-stream/transform',
64 silly cache add   type: 'hosted',
64 silly cache add   hosted:
64 silly cache add    { type: 'github',
64 silly cache add      ssh: 'git@github.com:readable-stream/transform.git',
64 silly cache add      sshUrl: 'git+ssh://git@github.com/readable-stream/transform.git',
64 silly cache add      httpsUrl: 'git+https://github.com/readable-stream/transform.git',
64 silly cache add      gitUrl: 'git://github.com/readable-stream/transform.git',
64 silly cache add      shortcut: 'github:readable-stream/transform',
64 silly cache add      directUrl: 'https://raw.githubusercontent.com/readable-stream/transform/master/package.json' } }
65 verbose addRemoteGit caching readable-stream/transform
66 verbose addRemoteGit readable-stream/transform is a repository hosted by github
67 silly tryGitProto attempting to clone git://github.com/readable-stream/transform.git
68 silly tryClone cloning readable-stream/transform via git://github.com/readable-stream/transform.git
69 verbose tryClone git-github-com-readable-stream-transform-git-37bea52f not in flight; caching
70 info git [ 'config', '--get', 'remote.origin.url' ]
71 warn addRemoteGit Error: Command failed: git -c core.longpaths=true config --get remote.origin.url
71 warn addRemoteGit
71 warn addRemoteGit     at ChildProcess.exithandler (child_process.js:751:12)
71 warn addRemoteGit     at ChildProcess.emit (events.js:110:17)
71 warn addRemoteGit     at maybeClose (child_process.js:1015:16)
71 warn addRemoteGit     at Socket.<anonymous> (child_process.js:1183:11)
71 warn addRemoteGit     at Socket.emit (events.js:107:17)
71 warn addRemoteGit     at Pipe.close (net.js:485:12)
71 warn addRemoteGit  readable-stream/transform resetting remote C:\Users\Mahesh Maurya\AppData\Roaming\npm-cache\_git-remotes\git-github-com-readable-stream-transform-git-37bea52f because of error: { [Error: Command failed: git -c core.longpaths=true config --get remote.origin.url
71 warn addRemoteGit ]
71 warn addRemoteGit   killed: false,
71 warn addRemoteGit   code: 1,
71 warn addRemoteGit   signal: null,
71 warn addRemoteGit   cmd: 'git -c core.longpaths=true config --get remote.origin.url' }
72 info resetRemote resetting C:\Users\Mahesh Maurya\AppData\Roaming\npm-cache\_git-remotes\git-github-com-readable-stream-transform-git-37bea52f for readable-stream/transform
73 silly gentlyRm C:\Users\Mahesh Maurya\AppData\Roaming\npm-cache\_git-remotes\git-github-com-readable-stream-transform-git-37bea52f is being purged
74 verbose gentlyRm don't care about contents; nuking C:\Users\Mahesh Maurya\AppData\Roaming\npm-cache\_git-remotes\git-github-com-readable-stream-transform-git-37bea52f
75 silly vacuum-fs purging C:\Users\Mahesh Maurya\AppData\Roaming\npm-cache\_git-remotes\git-github-com-readable-stream-transform-git-37bea52f
76 silly vacuum-fs quitting because other entries in C:\Users\Mahesh Maurya\AppData\Roaming\npm-cache\_git-remotes
77 info git [ 'clone',
77 info git   '--template=C:\\Users\\Mahesh Maurya\\AppData\\Roaming\\npm-cache\\_git-remotes\\_templates',
77 info git   '--mirror',
77 info git   'git://github.com/readable-stream/transform.git',
77 info git   'C:\\Users\\Mahesh Maurya\\AppData\\Roaming\\npm-cache\\_git-remotes\\git-github-com-readable-stream-transform-git-37bea52f' ]
78 error git clone --template=C:\Users\Mahesh Maurya\AppData\Roaming\npm-cache\_git-remotes\_templates --mirror git://github.com/readable-stream/transform.git C:\Users\Mahesh Maurya\AppData\Roaming\npm-cache\_git-remotes\git-github-com-readable-stream-transform-git-37bea52f: Cloning into bare repository 'C:\Users\Mahesh Maurya\AppData\Roaming\npm-cache\_git-remotes\git-github-com-readable-stream-transform-git-37bea52f'...
78 error git clone --template=C:\Users\Mahesh Maurya\AppData\Roaming\npm-cache\_git-remotes\_templates --mirror git://github.com/readable-stream/transform.git C:\Users\Mahesh Maurya\AppData\Roaming\npm-cache\_git-remotes\git-github-com-readable-stream-transform-git-37bea52f: fatal: remote error:
78 error git clone --template=C:\Users\Mahesh Maurya\AppData\Roaming\npm-cache\_git-remotes\_templates --mirror git://github.com/readable-stream/transform.git C:\Users\Mahesh Maurya\AppData\Roaming\npm-cache\_git-remotes\git-github-com-readable-stream-transform-git-37bea52f:   Repository not found.
79 silly tryHTTPS attempting to clone git+https://github.com/readable-stream/transform.git
80 silly tryClone cloning readable-stream/transform via git+https://github.com/readable-stream/transform.git
81 verbose tryClone https-github-com-readable-stream-transform-git-54d90bfe not in flight; caching
82 info git [ 'config', '--get', 'remote.origin.url' ]
83 warn addRemoteGit Error: Command failed: git -c core.longpaths=true config --get remote.origin.url
83 warn addRemoteGit
83 warn addRemoteGit     at ChildProcess.exithandler (child_process.js:751:12)
83 warn addRemoteGit     at ChildProcess.emit (events.js:110:17)
83 warn addRemoteGit     at maybeClose (child_process.js:1015:16)
83 warn addRemoteGit     at Process.ChildProcess._handle.onexit (child_process.js:1087:5)
83 warn addRemoteGit  readable-stream/transform resetting remote C:\Users\Mahesh Maurya\AppData\Roaming\npm-cache\_git-remotes\https-github-com-readable-stream-transform-git-54d90bfe because of error: { [Error: Command failed: git -c core.longpaths=true config --get remote.origin.url
83 warn addRemoteGit ]
83 warn addRemoteGit   killed: false,
83 warn addRemoteGit   code: 1,
83 warn addRemoteGit   signal: null,
83 warn addRemoteGit   cmd: 'git -c core.longpaths=true config --get remote.origin.url' }
84 info resetRemote resetting C:\Users\Mahesh Maurya\AppData\Roaming\npm-cache\_git-remotes\https-github-com-readable-stream-transform-git-54d90bfe for readable-stream/transform
85 silly gentlyRm C:\Users\Mahesh Maurya\AppData\Roaming\npm-cache\_git-remotes\https-github-com-readable-stream-transform-git-54d90bfe is being purged
86 verbose gentlyRm don't care about contents; nuking C:\Users\Mahesh Maurya\AppData\Roaming\npm-cache\_git-remotes\https-github-com-readable-stream-transform-git-54d90bfe
87 silly vacuum-fs purging C:\Users\Mahesh Maurya\AppData\Roaming\npm-cache\_git-remotes\https-github-com-readable-stream-transform-git-54d90bfe
88 silly vacuum-fs quitting because other entries in C:\Users\Mahesh Maurya\AppData\Roaming\npm-cache\_git-remotes
89 info git [ 'clone',
89 info git   '--template=C:\\Users\\Mahesh Maurya\\AppData\\Roaming\\npm-cache\\_git-remotes\\_templates',
89 info git   '--mirror',
89 info git   'https://github.com/readable-stream/transform.git',
89 info git   'C:\\Users\\Mahesh Maurya\\AppData\\Roaming\\npm-cache\\_git-remotes\\https-github-com-readable-stream-transform-git-54d90bfe' ]
90 error git clone --template=C:\Users\Mahesh Maurya\AppData\Roaming\npm-cache\_git-remotes\_templates --mirror https://github.com/readable-stream/transform.git C:\Users\Mahesh Maurya\AppData\Roaming\npm-cache\_git-remotes\https-github-com-readable-stream-transform-git-54d90bfe: Cloning into bare repository 'C:\Users\Mahesh Maurya\AppData\Roaming\npm-cache\_git-remotes\https-github-com-readable-stream-transform-git-54d90bfe'...
90 error git clone --template=C:\Users\Mahesh Maurya\AppData\Roaming\npm-cache\_git-remotes\_templates --mirror https://github.com/readable-stream/transform.git C:\Users\Mahesh Maurya\AppData\Roaming\npm-cache\_git-remotes\https-github-com-readable-stream-transform-git-54d90bfe: remote: Invalid username or password.
90 error git clone --template=C:\Users\Mahesh Maurya\AppData\Roaming\npm-cache\_git-remotes\_templates --mirror https://github.com/readable-stream/transform.git C:\Users\Mahesh Maurya\AppData\Roaming\npm-cache\_git-remotes\https-github-com-readable-stream-transform-git-54d90bfe: fatal: Authentication failed for 'https://github.com/readable-stream/transform.git/'
91 silly trySSH attempting to clone git@github.com:readable-stream/transform.git
92 silly tryClone cloning readable-stream/transform via git@github.com:readable-stream/transform.git
93 verbose tryClone git-github-com-readable-stream-transform-git-934c353e not in flight; caching
94 info git [ 'config', '--get', 'remote.origin.url' ]
95 warn addRemoteGit Error: Command failed: git -c core.longpaths=true config --get remote.origin.url
95 warn addRemoteGit
95 warn addRemoteGit     at ChildProcess.exithandler (child_process.js:751:12)
95 warn addRemoteGit     at ChildProcess.emit (events.js:110:17)
95 warn addRemoteGit     at maybeClose (child_process.js:1015:16)
95 warn addRemoteGit     at Process.ChildProcess._handle.onexit (child_process.js:1087:5)
95 warn addRemoteGit  readable-stream/transform resetting remote C:\Users\Mahesh Maurya\AppData\Roaming\npm-cache\_git-remotes\git-github-com-readable-stream-transform-git-934c353e because of error: { [Error: Command failed: git -c core.longpaths=true config --get remote.origin.url
95 warn addRemoteGit ]
95 warn addRemoteGit   killed: false,
95 warn addRemoteGit   code: 1,
95 warn addRemoteGit   signal: null,
95 warn addRemoteGit   cmd: 'git -c core.longpaths=true config --get remote.origin.url' }
96 info resetRemote resetting C:\Users\Mahesh Maurya\AppData\Roaming\npm-cache\_git-remotes\git-github-com-readable-stream-transform-git-934c353e for readable-stream/transform
97 silly gentlyRm C:\Users\Mahesh Maurya\AppData\Roaming\npm-cache\_git-remotes\git-github-com-readable-stream-transform-git-934c353e is being purged
98 verbose gentlyRm don't care about contents; nuking C:\Users\Mahesh Maurya\AppData\Roaming\npm-cache\_git-remotes\git-github-com-readable-stream-transform-git-934c353e
99 silly vacuum-fs purging C:\Users\Mahesh Maurya\AppData\Roaming\npm-cache\_git-remotes\git-github-com-readable-stream-transform-git-934c353e
100 silly vacuum-fs quitting because other entries in C:\Users\Mahesh Maurya\AppData\Roaming\npm-cache\_git-remotes
101 info git [ 'clone',
101 info git   '--template=C:\\Users\\Mahesh Maurya\\AppData\\Roaming\\npm-cache\\_git-remotes\\_templates',
101 info git   '--mirror',
101 info git   'git@github.com:readable-stream/transform.git',
101 info git   'C:\\Users\\Mahesh Maurya\\AppData\\Roaming\\npm-cache\\_git-remotes\\git-github-com-readable-stream-transform-git-934c353e' ]
102 error git clone --template=C:\Users\Mahesh Maurya\AppData\Roaming\npm-cache\_git-remotes\_templates --mirror git@github.com:readable-stream/transform.git C:\Users\Mahesh Maurya\AppData\Roaming\npm-cache\_git-remotes\git-github-com-readable-stream-transform-git-934c353e: Cloning into bare repository 'C:\Users\Mahesh Maurya\AppData\Roaming\npm-cache\_git-remotes\git-github-com-readable-stream-transform-git-934c353e'...
102 error git clone --template=C:\Users\Mahesh Maurya\AppData\Roaming\npm-cache\_git-remotes\_templates --mirror git@github.com:readable-stream/transform.git C:\Users\Mahesh Maurya\AppData\Roaming\npm-cache\_git-remotes\git-github-com-readable-stream-transform-git-934c353e: Warning: Permanently added the RSA host key for IP address '192.30.252.131' to the list of known hosts.
102 error git clone --template=C:\Users\Mahesh Maurya\AppData\Roaming\npm-cache\_git-remotes\_templates --mirror git@github.com:readable-stream/transform.git C:\Users\Mahesh Maurya\AppData\Roaming\npm-cache\_git-remotes\git-github-com-readable-stream-transform-git-934c353e: Permission denied (publickey).
102 error git clone --template=C:\Users\Mahesh Maurya\AppData\Roaming\npm-cache\_git-remotes\_templates --mirror git@github.com:readable-stream/transform.git C:\Users\Mahesh Maurya\AppData\Roaming\npm-cache\_git-remotes\git-github-com-readable-stream-transform-git-934c353e: fatal: Could not read from remote repository.
102 error git clone --template=C:\Users\Mahesh Maurya\AppData\Roaming\npm-cache\_git-remotes\_templates --mirror git@github.com:readable-stream/transform.git C:\Users\Mahesh Maurya\AppData\Roaming\npm-cache\_git-remotes\git-github-com-readable-stream-transform-git-934c353e:
102 error git clone --template=C:\Users\Mahesh Maurya\AppData\Roaming\npm-cache\_git-remotes\_templates --mirror git@github.com:readable-stream/transform.git C:\Users\Mahesh Maurya\AppData\Roaming\npm-cache\_git-remotes\git-github-com-readable-stream-transform-git-934c353e: Please make sure you have the correct access rights
102 error git clone --template=C:\Users\Mahesh Maurya\AppData\Roaming\npm-cache\_git-remotes\_templates --mirror git@github.com:readable-stream/transform.git C:\Users\Mahesh Maurya\AppData\Roaming\npm-cache\_git-remotes\git-github-com-readable-stream-transform-git-934c353e: and the repository exists.
103 verbose stack Error: Command failed: git -c core.longpaths=true clone --template=C:\Users\Mahesh Maurya\AppData\Roaming\npm-cache\_git-remotes\_templates --mirror git@github.com:readable-stream/transform.git C:\Users\Mahesh Maurya\AppData\Roaming\npm-cache\_git-remotes\git-github-com-readable-stream-transform-git-934c353e
103 verbose stack Cloning into bare repository 'C:\Users\Mahesh Maurya\AppData\Roaming\npm-cache\_git-remotes\git-github-com-readable-stream-transform-git-934c353e'...
103 verbose stack Warning: Permanently added the RSA host key for IP address '192.30.252.131' to the list of known hosts.
103 verbose stack Permission denied (publickey).
103 verbose stack fatal: Could not read from remote repository.
103 verbose stack
103 verbose stack Please make sure you have the correct access rights
103 verbose stack and the repository exists.
103 verbose stack
103 verbose stack     at ChildProcess.exithandler (child_process.js:751:12)
103 verbose stack     at ChildProcess.emit (events.js:110:17)
103 verbose stack     at maybeClose (child_process.js:1015:16)
103 verbose stack     at Process.ChildProcess._handle.onexit (child_process.js:1087:5)
104 verbose cwd C:\xampp\htdocs\auro
105 error Windows_NT 6.3.9600
106 error argv "C:\\Program Files\\nodejs\\\\node.exe" "C:\\Program Files\\nodejs\\node_modules\\npm\\bin\\npm-cli.js" "install" "readable-stream/transform"
107 error node v0.12.7
108 error npm  v2.11.3
109 error code 128
110 error Command failed: git -c core.longpaths=true clone --template=C:\Users\Mahesh Maurya\AppData\Roaming\npm-cache\_git-remotes\_templates --mirror git@github.com:readable-stream/transform.git C:\Users\Mahesh Maurya\AppData\Roaming\npm-cache\_git-remotes\git-github-com-readable-stream-transform-git-934c353e
110 error Cloning into bare repository 'C:\Users\Mahesh Maurya\AppData\Roaming\npm-cache\_git-remotes\git-github-com-readable-stream-transform-git-934c353e'...
110 error Warning: Permanently added the RSA host key for IP address '192.30.252.131' to the list of known hosts.
110 error Permission denied (publickey).
110 error fatal: Could not read from remote repository.
110 error
110 error Please make sure you have the correct access rights
110 error and the repository exists.
111 error If you need help, you may report this error at:
111 error     <https://github.com/npm/npm/issues>
112 verbose exit [ 1, true ]
